TN:
SF:src/App.tsx
FN:8,(anonymous_0)
FNF:1
FNH:0
FNDA:0,(anonymous_0)
DA:8,0
DA:9,0
DA:11,0
LF:3
LH:0
BRDA:15,0,0,0
BRDA:15,0,1,0
BRF:2
BRH:0
end_of_record
TN:
SF:src/commons/components/EmptyContent/index.tsx
FN:9,(anonymous_0)
FNF:1
FNH:1
FNDA:6,(anonymous_0)
DA:9,2
DA:11,6
LF:2
LH:2
BRF:0
BRH:0
end_of_record
TN:
SF:src/commons/components/EmptyContent/style.tsx
FNF:0
FNH:0
DA:3,2
DA:9,2
LF:2
LH:2
BRF:0
BRH:0
end_of_record
TN:
SF:src/commons/components/cartButton/index.tsx
FN:14,(anonymous_0)
FN:18,(anonymous_1)
FN:22,(anonymous_2)
FNF:3
FNH:3
FNDA:2,(anonymous_0)
FNDA:1,(anonymous_1)
FNDA:1,(anonymous_2)
DA:14,1
DA:15,2
DA:17,2
DA:18,1
DA:22,2
DA:23,1
DA:26,2
LF:7
LH:7
BRDA:18,0,0,1
BRDA:18,0,1,0
BRDA:34,1,0,2
BRDA:34,1,1,1
BRF:4
BRH:3
end_of_record
TN:
SF:src/commons/components/cartButton/styles.tsx
FNF:0
FNH:0
DA:3,1
DA:7,1
DA:11,1
DA:24,1
LF:4
LH:4
BRF:0
BRH:0
end_of_record
TN:
SF:src/commons/components/loader/index.tsx
FN:11,(anonymous_0)
FNF:1
FNH:1
FNDA:2,(anonymous_0)
DA:11,1
DA:12,2
LF:2
LH:2
BRDA:11,0,0,0
BRF:1
BRH:0
end_of_record
TN:
SF:src/commons/components/loader/style.tsx
FNF:0
FNH:0
DA:3,1
DA:9,1
DA:15,1
LF:3
LH:3
BRF:0
BRH:0
end_of_record
TN:
SF:src/commons/theme/defaultTheme.ts
FNF:0
FNH:0
DA:4,0
LF:1
LH:0
BRF:0
BRH:0
end_of_record
TN:
SF:src/commons/types/productTypes.ts
FNF:0
FNH:0
LF:0
LH:0
BRF:0
BRH:0
end_of_record
TN:
SF:src/commons/utils/formatCurrency.ts
FN:1,(anonymous_0)
FNF:1
FNH:1
FNDA:16,(anonymous_0)
DA:1,3
DA:2,16
LF:2
LH:2
BRF:0
BRH:0
end_of_record
TN:
SF:src/commons/utils/qualityAssurrance.tsx
FN:8,(anonymous_0)
FN:41,(anonymous_1)
FN:48,(anonymous_2)
FNF:3
FNH:0
FNDA:0,(anonymous_0)
FNDA:0,(anonymous_1)
FNDA:0,(anonymous_2)
DA:8,0
DA:9,0
DA:41,0
DA:45,0
DA:46,0
DA:48,0
DA:51,0
LF:7
LH:0
BRDA:9,0,0,0
BRDA:9,0,1,0
BRF:2
BRH:0
end_of_record
TN:
SF:src/commons/utils/test-utils.tsx
FN:7,(anonymous_0)
FN:16,(anonymous_1)
FNF:2
FNH:2
FNDA:7,(anonymous_0)
FNDA:7,(anonymous_1)
DA:7,3
DA:8,7
DA:16,3
DA:19,7
LF:4
LH:4
BRF:0
BRH:0
end_of_record
TN:
SF:src/modules/Cart/components/cartFooter/index.tsx
FN:11,(anonymous_0)
FNF:1
FNH:1
FNDA:5,(anonymous_0)
DA:11,1
DA:12,5
LF:2
LH:2
BRF:0
BRH:0
end_of_record
TN:
SF:src/modules/Cart/components/cartFooter/style.tsx
FNF:0
FNH:0
DA:3,1
DA:23,1
DA:28,1
DA:34,1
DA:40,1
LF:5
LH:5
BRF:0
BRH:0
end_of_record
TN:
SF:src/modules/Cart/components/cartItem/index.tsx
FN:14,(anonymous_0)
FNF:1
FNH:1
FNDA:5,(anonymous_0)
DA:14,1
DA:21,5
LF:2
LH:2
BRF:0
BRH:0
end_of_record
TN:
SF:src/modules/Cart/components/cartItem/style.tsx
FNF:0
FNH:0
DA:3,1
DA:19,1
DA:26,1
DA:31,1
DA:38,1
DA:45,1
DA:50,1
DA:59,1
DA:65,1
DA:71,1
DA:78,1
LF:11
LH:11
BRF:0
BRH:0
end_of_record
TN:
SF:src/modules/Cart/pages/cart.tsx
FN:8,(anonymous_0)
FN:11,(anonymous_1)
FN:12,(anonymous_2)
FN:29,(anonymous_3)
FN:30,(anonymous_4)
FN:35,(anonymous_5)
FN:36,(anonymous_6)
FN:37,(anonymous_7)
FNF:8
FNH:8
FNDA:10,(anonymous_0)
FNDA:10,(anonymous_1)
FNDA:5,(anonymous_2)
FNDA:8,(anonymous_3)
FNDA:5,(anonymous_4)
FNDA:1,(anonymous_5)
FNDA:1,(anonymous_6)
FNDA:1,(anonymous_7)
DA:8,1
DA:9,10
DA:11,10
DA:12,10
DA:13,5
DA:14,5
DA:18,10
DA:29,8
DA:31,5
DA:35,1
DA:36,1
DA:37,1
LF:12
LH:12
BRDA:13,0,0,5
BRDA:13,0,1,0
BRDA:14,1,0,0
BRDA:14,1,1,5
BRDA:20,2,0,5
BRDA:20,2,1,5
BRF:6
BRH:4
end_of_record
TN:
SF:src/modules/Cart/pages/style.tsx
FNF:0
FNH:0
DA:3,1
DA:8,1
LF:2
LH:2
BRF:0
BRH:0
end_of_record
TN:
SF:src/modules/PDP/pages/pdp.tsx
FN:16,(anonymous_0)
FN:23,(anonymous_1)
FN:24,(anonymous_2)
FN:46,(anonymous_3)
FNF:4
FNH:0
FNDA:0,(anonymous_0)
FNDA:0,(anonymous_1)
FNDA:0,(anonymous_2)
FNDA:0,(anonymous_3)
DA:16,0
DA:17,0
DA:18,0
DA:19,0
DA:20,0
DA:21,0
DA:23,0
DA:24,0
DA:25,0
DA:26,0
DA:27,0
DA:28,0
DA:31,0
DA:40,0
DA:43,0
DA:46,0
DA:47,0
DA:48,0
DA:49,0
DA:53,0
DA:54,0
DA:61,0
LF:22
LH:0
BRDA:27,0,0,0
BRDA:27,0,1,0
BRDA:47,1,0,0
BRDA:47,1,1,0
BRDA:53,2,0,0
BRDA:53,2,1,0
BRDA:63,3,0,0
BRDA:63,3,1,0
BRF:8
BRH:0
end_of_record
TN:
SF:src/modules/PDP/pages/style.tsx
FNF:0
FNH:0
DA:3,0
DA:9,0
DA:16,0
DA:21,0
DA:27,0
DA:34,0
DA:41,0
DA:47,0
LF:8
LH:0
BRF:0
BRH:0
end_of_record
TN:
SF:src/modules/PDP/services/productDetailService.ts
FN:6,(anonymous_0)
FNF:1
FNH:0
FNDA:0,(anonymous_0)
DA:6,0
DA:9,0
LF:2
LH:0
BRF:0
BRH:0
end_of_record
TN:
SF:src/modules/PLP/components/ListItem/index.tsx
FN:15,(anonymous_0)
FNF:1
FNH:1
FNDA:2,(anonymous_0)
DA:15,1
DA:16,2
LF:2
LH:2
BRF:0
BRH:0
end_of_record
TN:
SF:src/modules/PLP/pages/plp.tsx
FN:10,(anonymous_0)
FN:15,(anonymous_1)
FN:16,(anonymous_2)
FN:45,(anonymous_3)
FN:46,(anonymous_4)
FN:51,(anonymous_5)
FNF:6
FNH:5
FNDA:4,(anonymous_0)
FNDA:2,(anonymous_1)
FNDA:2,(anonymous_2)
FNDA:3,(anonymous_3)
FNDA:2,(anonymous_4)
FNDA:0,(anonymous_5)
DA:10,1
DA:11,4
DA:12,4
DA:13,4
DA:15,4
DA:16,2
DA:17,2
DA:18,2
DA:19,2
DA:20,1
DA:23,0
DA:25,2
DA:28,2
DA:31,4
DA:32,2
DA:35,2
DA:45,3
DA:47,2
DA:52,0
LF:19
LH:17
BRDA:19,0,0,1
BRDA:19,0,1,1
BRDA:31,1,0,2
BRDA:31,1,1,2
BRDA:37,2,0,1
BRDA:37,2,1,1
BRF:6
BRH:6
end_of_record
TN:
SF:src/modules/PLP/pages/styles.tsx
FNF:0
FNH:0
DA:3,1
DA:8,1
DA:14,1
DA:17,1
DA:30,1
DA:35,1
DA:40,1
DA:45,1
DA:50,1
DA:55,1
LF:10
LH:10
BRF:0
BRH:0
end_of_record
TN:
SF:src/modules/PLP/services/listProductsService.ts
FN:6,(anonymous_0)
FNF:1
FNH:1
FNDA:2,(anonymous_0)
DA:6,1
DA:7,2
LF:2
LH:2
BRF:0
BRH:0
end_of_record
TN:
SF:src/providers/CartProvider.tsx
FN:18,(anonymous_0)
FN:21,(anonymous_1)
FN:22,(anonymous_2)
FN:23,(anonymous_3)
FN:35,(anonymous_4)
FN:36,(anonymous_5)
FN:37,(anonymous_6)
FN:53,(anonymous_7)
FN:54,(anonymous_8)
FN:54,(anonymous_9)
FN:57,(anonymous_10)
FN:78,useCart
FNF:12
FNH:11
FNDA:14,(anonymous_0)
FNDA:5,(anonymous_1)
FNDA:5,(anonymous_2)
FNDA:1,(anonymous_3)
FNDA:1,(anonymous_4)
FNDA:1,(anonymous_5)
FNDA:1,(anonymous_6)
FNDA:1,(anonymous_7)
FNDA:1,(anonymous_8)
FNDA:1,(anonymous_9)
FNDA:0,(anonymous_10)
FNDA:23,useCart
DA:16,3
DA:18,3
DA:19,14
DA:21,14
DA:22,5
DA:23,5
DA:25,5
DA:26,1
DA:27,1
DA:28,1
DA:31,4
DA:35,14
DA:36,1
DA:37,1
DA:39,1
DA:40,1
DA:41,1
DA:42,1
DA:43,1
DA:45,0
DA:47,1
DA:49,0
DA:53,14
DA:54,1
DA:57,14
DA:58,0
DA:61,14
DA:79,23
LF:28
LH:25
BRDA:25,0,0,1
BRDA:25,0,1,4
BRDA:39,1,0,1
BRDA:39,1,1,0
BRDA:41,2,0,1
BRDA:41,2,1,0
BRDA:42,3,0,1
BRDA:42,3,1,0
BRF:8
BRH:5
end_of_record
TN:
SF:src/routes/app.routes.tsx
FN:20,AppRoutes
FN:32,(anonymous_1)
FN:58,(anonymous_2)
FN:59,(anonymous_3)
FN:70,(anonymous_4)
FN:73,(anonymous_5)
FNF:6
FNH:0
FNDA:0,AppRoutes
FNDA:0,(anonymous_1)
FNDA:0,(anonymous_2)
FNDA:0,(anonymous_3)
FNDA:0,(anonymous_4)
FNDA:0,(anonymous_5)
DA:11,0
DA:21,0
DA:32,0
DA:33,0
DA:36,0
DA:58,0
DA:60,0
DA:70,0
DA:74,0
LF:9
LH:0
BRF:0
BRH:0
end_of_record
TN:
SF:src/routes/index.tsx
FN:10,(anonymous_0)
FNF:1
FNH:0
FNDA:0,(anonymous_0)
DA:5,0
DA:10,0
DA:11,0
LF:3
LH:0
BRF:0
BRH:0
end_of_record
TN:
SF:src/routes/navigationTypes.ts
FNF:0
FNH:0
LF:0
LH:0
BRF:0
BRH:0
end_of_record
